<?xml version="1.0" encoding="UTF-8"?>
<testsuite xmlns:xsi="http://www.w3.org/2001/XMLSchema-instance" xsi:noNamespaceSchemaLocation="https://maven.apache.org/surefire/maven-surefire-plugin/xsd/surefire-test-report-3.0.xsd" version="3.0" name="com.omrbranch.runner.TestRunnerClass" time="50.512" tests="1" errors="0" skipped="0" failures="0">
  <properties>
[...]
</properties>
  <testcase name="Verify omrbaranch login with Invalid data" classname="Verify omrbranch login module #1" time="47.57">
    <system-out><![CDATA[
Scenario Outline: Verify omrbaranch login with Invalid data                                                      &amp#27;[90m# src/test/resources/Features/TC1_Login.feature:30&amp#27;[0m
  &amp#27;[32mGiven &amp#27;[0m&amp#27;[32mUser is on omrbranch page&amp#27;[0m                                                                                &amp#27;[90m# com.omrbranch.stepdefinition.TC1_LoginStep.userIsOnOmrbranchPage()&amp#27;[0m
  &amp#27;[32mWhen &amp#27;[0m&amp#27;[32mUser enter &amp#27;[0m&amp#27;[32m&amp#27;[1m"karkuzhalikumaresan@gmail.com"&amp#27;[0m&amp#27;[32m and &amp#27;[0m&amp#27;[32m&amp#27;[1m"Karu@19923"&amp#27;[0m                                               &amp#27;[90m# com.omrbranch.stepdefinition.TC1_LoginStep.userEnterAnd(java.lang.String,java.lang.String)&amp#27;[0m
  &amp#27;[32mAnd &amp#27;[0m&amp#27;[32mUser click login button&amp#27;[0m                                                                                    &amp#27;[90m# com.omrbranch.stepdefinition.TC1_LoginStep.userClickLoginButton()&amp#27;[0m
  &amp#27;[32mThen &amp#27;[0m&amp#27;[32mUser should verify error message after login &amp#27;[0m&amp#27;[32m&amp#27;[1m"Invalid Login details or Your Password might have expired."&amp#27;[0m &amp#27;[90m# com.omrbranch.stepdefinition.TC1_LoginStep.userShouldVerifyErrorMessageAfterLogin(java.lang.String)&amp#27;[0m

    Embedding Every Scenario [images/png 64811 bytes]

]]></system-out>
    <system-err><![CDATA[Jul 13, 2024 12:46:36 PM org.openqa.selenium.devtools.CdpVersionFinder findNearestMatch
WARNING: Unable to find an exact match for CDP version 126, returning the closest version; found: 125; Please update to a Selenium version that supports CDP version 126
]]></system-err>
  </testcase>
</testsuite>